<?xml version="1.0" encoding="UTF-8" ?>
<testsuite errors="0" failures="0" hostname="amor" name="polynomial.PolyTest" tests="3" time="0.375" timestamp="2009-03-25T10:27:43">
  <properties>
[...]
</properties>
  <testcase classname="polynomial.PolyTest" name="testPlus" time="0.032" />
  <testcase classname="polynomial.PolyTest" name="testMinus" time="0.015" />
  <testcase classname="polynomial.PolyTest" name="testTimes" time="0.0" />
  <system-out><![CDATA[plus
times
]]></system-out>
  <system-err><![CDATA[]]></system-err>
</testsuite>
